<?xml version="1.0" encoding="UTF-8"?>
<testng-results skipped="0" failed="0" ignored="0" total="2" passed="2">
  <reporter-output>
  </reporter-output>
  <suite name="Hub Spot Test Sanity Suite" duration-ms="45233" started-at="2020-02-12T04:14:01Z" finished-at="2020-02-12T04:14:46Z">
    <groups>
    </groups>
    <test name="hub spot Sanity Test" duration-ms="45233" started-at="2020-02-12T04:14:01Z" finished-at="2020-02-12T04:14:46Z">
      <class name="com.qa.hubspot.tests.LoginTest">
        <test-method status="PASS" signature="setUp()[pri:0, instance:com.qa.hubspot.tests.LoginTest@138a7441]" name="setUp" is-config="true" duration-ms="16329" started-at="2020-02-12T04:14:01Z" finished-at="2020-02-12T04:14:18Z">
          <reporter-output>
          </reporter-output>
        </test-method> <!-- setUp -->
        <test-method status="PASS" signature="loginTest()[pri:1, instance:com.qa.hubspot.tests.LoginTest@138a7441]" name="loginTest" duration-ms="8159" started-at="2020-02-12T04:14:18Z" description="login test with correct username and correct password...." finished-at="2020-02-12T04:14:26Z">
          <reporter-output>
          </reporter-output>
        </test-method> <!-- loginTest -->
        <test-method status="PASS" signature="tearDown()[pri:0, instance:com.qa.hubspot.tests.LoginTest@138a7441]" name="tearDown" is-config="true" duration-ms="1114" started-at="2020-02-12T04:14:26Z" finished-at="2020-02-12T04:14:27Z">
          <reporter-output>
          </reporter-output>
        </test-method> <!-- tearDown -->
        <test-method status="PASS" signature="setUp()[pri:0, instance:com.qa.hubspot.tests.LoginTest@138a7441]" name="setUp" is-config="true" duration-ms="10372" started-at="2020-02-12T04:14:27Z" finished-at="2020-02-12T04:14:38Z">
          <reporter-output>
          </reporter-output>
        </test-method> <!-- setUp -->
        <test-method status="PASS" signature="loginPageTitleTest()[pri:2, instance:com.qa.hubspot.tests.LoginTest@138a7441]" name="loginPageTitleTest" duration-ms="7955" started-at="2020-02-12T04:14:38Z" description="login page title test...." finished-at="2020-02-12T04:14:45Z">
          <reporter-output>
          </reporter-output>
        </test-method> <!-- loginPageTitleTest -->
        <test-method status="PASS" signature="tearDown()[pri:0, instance:com.qa.hubspot.tests.LoginTest@138a7441]" name="tearDown" is-config="true" duration-ms="928" started-at="2020-02-12T04:14:45Z" finished-at="2020-02-12T04:14:46Z">
          <reporter-output>
          </reporter-output>
        </test-method> <!-- tearDown -->
      </class> <!-- com.qa.hubspot.tests.LoginTest -->
    </test> <!-- hub spot Sanity Test -->
  </suite> <!-- Hub Spot Test Sanity Suite -->
</testng-results>
